TN:
SF:E:\Dev\React\image processing\client\src\App.js
FN:31,(anonymous_0)
FN:123,(anonymous_1)
FN:127,(anonymous_2)
FN:142,(anonymous_3)
FN:148,(anonymous_4)
FN:154,(anonymous_5)
FN:166,(anonymous_6)
FN:174,(anonymous_7)
FN:176,(anonymous_8)
FN:179,(anonymous_9)
FN:183,(anonymous_10)
FN:190,(anonymous_11)
FN:194,(anonymous_12)
FN:198,(anonymous_13)
FN:202,(anonymous_14)
FN:206,(anonymous_15)
FN:218,(anonymous_16)
FN:220,(anonymous_17)
FN:242,(anonymous_18)
FN:244,(anonymous_19)
FN:245,(anonymous_20)
FN:267,(anonymous_21)
FN:274,(anonymous_22)
FN:289,(anonymous_23)
FN:310,(anonymous_24)
FN:315,(anonymous_25)
FN:327,(anonymous_26)
FN:343,(anonymous_27)
FN:352,(anonymous_28)
FN:359,(anonymous_29)
FN:387,(anonymous_30)
FN:401,(anonymous_31)
FN:506,(anonymous_32)
FNF:33
FNH:2
FNDA:1,(anonymous_0)
FNDA:0,(anonymous_1)
FNDA:0,(anonymous_2)
FNDA:0,(anonymous_3)
FNDA:0,(anonymous_4)
FNDA:0,(anonymous_5)
FNDA:0,(anonymous_6)
FNDA:0,(anonymous_7)
FNDA:0,(anonymous_8)
FNDA:0,(anonymous_9)
FNDA:0,(anonymous_10)
FNDA:0,(anonymous_11)
FNDA:0,(anonymous_12)
FNDA:0,(anonymous_13)
FNDA:0,(anonymous_14)
FNDA:0,(anonymous_15)
FNDA:0,(anonymous_16)
FNDA:0,(anonymous_17)
FNDA:0,(anonymous_18)
FNDA:0,(anonymous_19)
FNDA:0,(anonymous_20)
FNDA:0,(anonymous_21)
FNDA:0,(anonymous_22)
FNDA:0,(anonymous_23)
FNDA:0,(anonymous_24)
FNDA:0,(anonymous_25)
FNDA:0,(anonymous_26)
FNDA:0,(anonymous_27)
FNDA:0,(anonymous_28)
FNDA:0,(anonymous_29)
FNDA:0,(anonymous_30)
FNDA:1,(anonymous_31)
FNDA:0,(anonymous_32)
DA:21,1
DA:31,1
DA:124,0
DA:128,0
DA:130,0
DA:131,0
DA:133,0
DA:134,0
DA:143,0
DA:149,0
DA:155,0
DA:167,0
DA:175,0
DA:176,0
DA:180,0
DA:184,0
DA:186,0
DA:187,0
DA:189,0
DA:190,0
DA:191,0
DA:193,0
DA:194,0
DA:195,0
DA:197,0
DA:198,0
DA:199,0
DA:201,0
DA:202,0
DA:203,0
DA:205,0
DA:206,0
DA:207,0
DA:217,0
DA:219,0
DA:220,0
DA:221,0
DA:223,0
DA:226,0
DA:228,0
DA:231,0
DA:241,0
DA:243,0
DA:244,0
DA:245,0
DA:246,0
DA:248,0
DA:252,0
DA:254,0
DA:257,0
DA:267,0
DA:268,0
DA:270,0
DA:275,0
DA:276,0
DA:277,0
DA:278,0
DA:279,0
DA:280,0
DA:281,0
DA:290,0
DA:291,0
DA:292,0
DA:293,0
DA:303,0
DA:304,0
DA:305,0
DA:311,0
DA:312,0
DA:316,0
DA:317,0
DA:318,0
DA:319,0
DA:322,0
DA:328,0
DA:329,0
DA:330,0
DA:331,0
DA:332,0
DA:333,0
DA:334,0
DA:335,0
DA:336,0
DA:337,0
DA:338,0
DA:339,0
DA:340,0
DA:341,0
DA:342,0
DA:343,0
DA:344,0
DA:346,0
DA:347,0
DA:348,0
DA:353,0
DA:354,0
DA:361,0
DA:362,0
DA:363,0
DA:364,0
DA:365,0
DA:366,0
DA:367,0
DA:368,0
DA:369,0
DA:370,0
DA:371,0
DA:372,0
DA:373,0
DA:374,0
DA:375,0
DA:376,0
DA:377,0
DA:378,0
DA:379,0
DA:380,0
DA:381,0
DA:382,0
DA:383,0
DA:388,0
DA:389,0
DA:390,0
DA:391,0
DA:392,0
DA:393,0
DA:394,0
DA:395,0
DA:396,0
DA:397,0
DA:402,1
DA:403,1
DA:506,0
LF:132
LH:4
BRDA:130,0,0,0
BRDA:130,0,1,0
BRDA:133,1,0,0
BRDA:133,1,1,0
BRDA:184,2,0,0
BRDA:184,2,1,0
BRDA:184,2,2,0
BRDA:184,2,3,0
BRDA:184,2,4,0
BRDA:184,2,5,0
BRDA:184,2,6,0
BRDA:184,2,7,0
BRDA:184,2,8,0
BRDA:184,2,9,0
BRDA:184,2,10,0
BRDA:184,2,11,0
BRDA:184,2,12,0
BRDA:184,2,13,0
BRDA:184,2,14,0
BRDA:184,2,15,0
BRDA:184,2,16,0
BRDA:184,2,17,0
BRDA:184,2,18,0
BRDA:184,2,19,0
BRDA:184,2,20,0
BRDA:184,2,21,0
BRDA:184,2,22,0
BRDA:184,2,23,0
BRDA:184,2,24,0
BRDA:184,2,25,0
BRDA:184,2,26,0
BRDA:184,2,27,0
BRDA:184,2,28,0
BRDA:184,2,29,0
BRDA:184,2,30,0
BRDA:184,2,31,0
BRDA:184,2,32,0
BRDA:186,3,0,0
BRDA:186,3,1,0
BRDA:186,4,0,0
BRDA:186,4,1,0
BRDA:186,4,2,0
BRDA:189,5,0,0
BRDA:189,5,1,0
BRDA:189,6,0,0
BRDA:189,6,1,0
BRDA:189,6,2,0
BRDA:193,7,0,0
BRDA:193,7,1,0
BRDA:193,8,0,0
BRDA:193,8,1,0
BRDA:193,8,2,0
BRDA:197,9,0,0
BRDA:197,9,1,0
BRDA:197,10,0,0
BRDA:197,10,1,0
BRDA:197,10,2,0
BRDA:201,11,0,0
BRDA:201,11,1,0
BRDA:201,12,0,0
BRDA:201,12,1,0
BRDA:201,12,2,0
BRDA:205,13,0,0
BRDA:205,13,1,0
BRDA:205,14,0,0
BRDA:205,14,1,0
BRDA:205,14,2,0
BRDA:217,15,0,0
BRDA:217,15,1,0
BRDA:221,16,0,0
BRDA:221,16,1,0
BRDA:226,17,0,0
BRDA:226,17,1,0
BRDA:241,18,0,0
BRDA:241,18,1,0
BRDA:246,19,0,0
BRDA:246,19,1,0
BRDA:252,20,0,0
BRDA:252,20,1,0
BRDA:290,21,0,0
BRDA:290,21,1,0
BRDA:300,22,0,0
BRDA:300,22,1,0
BRDA:301,23,0,0
BRDA:301,23,1,0
BRDA:318,24,0,0
BRDA:318,24,1,0
BRDA:328,25,0,0
BRDA:328,25,1,0
BRDA:328,26,0,0
BRDA:328,26,1,0
BRDA:328,26,2,0
BRDA:328,26,3,0
BRDA:328,26,4,0
BRDA:395,27,0,0
BRDA:395,27,1,0
BRDA:495,28,0,1
BRDA:495,28,1,0
BRF:98
BRH:1
end_of_record
TN:
SF:E:\Dev\React\image processing\client\src\index.js
FNF:0
FNH:0
DA:1,0
DA:2,0
DA:3,0
DA:4,0
DA:5,0
DA:6,0
DA:13,0
LF:7
LH:0
BRF:0
BRH:0
end_of_record
TN:
SF:E:\Dev\React\image processing\client\src\serviceWorker.js
FN:23,register
FN:34,(anonymous_1)
FN:43,(anonymous_2)
FN:57,registerValidSW
FN:60,(anonymous_4)
FN:61,(anonymous_5)
FN:66,(anonymous_6)
FN:96,(anonymous_7)
FN:101,checkValidServiceWorker
FN:104,(anonymous_9)
FN:112,(anonymous_10)
FN:113,(anonymous_11)
FN:122,(anonymous_12)
FN:129,unregister
FN:131,(anonymous_14)
FNF:15
FNH:0
FNDA:0,register
FNDA:0,(anonymous_1)
FNDA:0,(anonymous_2)
FNDA:0,registerValidSW
FNDA:0,(anonymous_4)
FNDA:0,(anonymous_5)
FNDA:0,(anonymous_6)
FNDA:0,(anonymous_7)
FNDA:0,checkValidServiceWorker
FNDA:0,(anonymous_9)
FNDA:0,(anonymous_10)
FNDA:0,(anonymous_11)
FNDA:0,(anonymous_12)
FNDA:0,unregister
FNDA:0,(anonymous_14)
DA:13,0
DA:24,0
DA:26,0
DA:27,0
DA:31,0
DA:34,0
DA:35,0
DA:37,0
DA:39,0
DA:43,0
DA:44,0
DA:51,0
DA:58,0
DA:61,0
DA:62,0
DA:63,0
DA:64,0
DA:66,0
DA:67,0
DA:68,0
DA:72,0
DA:78,0
DA:79,0
DA:85,0
DA:88,0
DA:89,0
DA:97,0
DA:103,0
DA:106,0
DA:107,0
DA:112,0
DA:113,0
DA:114,0
DA:119,0
DA:123,0
DA:130,0
DA:131,0
DA:132,0
LF:38
LH:0
BRDA:14,0,0,0
BRDA:14,0,1,0
BRDA:14,0,2,0
BRDA:24,1,0,0
BRDA:24,1,1,0
BRDA:24,2,0,0
BRDA:24,2,1,0
BRDA:27,3,0,0
BRDA:27,3,1,0
BRDA:37,4,0,0
BRDA:37,4,1,0
BRDA:63,5,0,0
BRDA:63,5,1,0
BRDA:67,6,0,0
BRDA:67,6,1,0
BRDA:68,7,0,0
BRDA:68,7,1,0
BRDA:78,8,0,0
BRDA:78,8,1,0
BRDA:78,9,0,0
BRDA:78,9,1,0
BRDA:88,10,0,0
BRDA:88,10,1,0
BRDA:88,11,0,0
BRDA:88,11,1,0
BRDA:107,12,0,0
BRDA:107,12,1,0
BRDA:108,13,0,0
BRDA:108,13,1,0
BRDA:108,13,2,0
BRDA:130,14,0,0
BRDA:130,14,1,0
BRF:32
BRH:0
end_of_record
TN:
SF:E:\Dev\React\image processing\client\src\components\AppBar.js
FN:25,(anonymous_0)
FNF:1
FNH:1
FNDA:2,(anonymous_0)
DA:11,2
DA:26,2
DA:27,2
DA:47,2
LF:4
LH:4
BRF:0
BRH:0
end_of_record
TN:
SF:E:\Dev\React\image processing\client\src\components\Dropzone.js
FN:9,(anonymous_0)
FN:16,(anonymous_1)
FN:25,(anonymous_2)
FN:29,(anonymous_3)
FNF:4
FNH:3
FNDA:2,(anonymous_0)
FNDA:0,(anonymous_1)
FNDA:2,(anonymous_2)
FNDA:4,(anonymous_3)
DA:9,2
DA:17,0
DA:18,0
DA:21,0
DA:26,2
DA:27,2
DA:30,4
LF:7
LH:4
BRDA:17,0,0,0
BRDA:17,0,1,0
BRDA:39,1,0,3
BRDA:39,1,1,1
BRF:4
BRH:2
end_of_record
TN:
SF:E:\Dev\React\image processing\client\src\components\Heading.js
FN:5,(anonymous_0)
FNF:1
FNH:0
FNDA:0,(anonymous_0)
DA:1,0
DA:2,0
DA:6,0
LF:3
LH:0
BRF:0
BRH:0
end_of_record
TN:
SF:E:\Dev\React\image processing\client\src\components\ImageCard.js
FN:12,(anonymous_0)
FN:25,(anonymous_1)
FN:41,(anonymous_2)
FN:44,(anonymous_3)
FNF:4
FNH:0
FNDA:0,(anonymous_0)
FNDA:0,(anonymous_1)
FNDA:0,(anonymous_2)
FNDA:0,(anonymous_3)
DA:12,1
DA:26,0
DA:27,0
DA:41,0
DA:44,0
DA:53,1
LF:6
LH:2
BRDA:33,0,0,0
BRDA:33,0,1,0
BRDA:37,1,0,0
BRDA:37,1,1,0
BRF:4
BRH:0
end_of_record
TN:
SF:E:\Dev\React\image processing\client\src\components\MetadataTable.js
FN:11,(anonymous_0)
FN:24,(anonymous_1)
FN:37,(anonymous_2)
FNF:3
FNH:0
FNDA:0,(anonymous_0)
FNDA:0,(anonymous_1)
FNDA:0,(anonymous_2)
DA:11,1
DA:25,0
DA:26,0
DA:38,0
DA:54,1
LF:5
LH:2
BRDA:36,0,0,0
BRDA:36,0,1,0
BRF:2
BRH:0
end_of_record
TN:
SF:E:\Dev\React\image processing\client\src\components\Settings.js
FN:15,(anonymous_0)
FN:68,(anonymous_1)
FN:68,(anonymous_2)
FN:77,(anonymous_3)
FN:591,(anonymous_4)
FN:612,(anonymous_5)
FN:617,(anonymous_6)
FNF:7
FNH:0
FNDA:0,(anonymous_0)
FNDA:0,(anonymous_1)
FNDA:0,(anonymous_2)
FNDA:0,(anonymous_3)
FNDA:0,(anonymous_4)
FNDA:0,(anonymous_5)
FNDA:0,(anonymous_6)
DA:15,1
DA:47,1
DA:68,0
DA:69,0
DA:70,0
DA:73,0
DA:78,0
DA:79,0
DA:592,0
DA:612,0
DA:617,0
DA:628,1
LF:12
LH:3
BRDA:68,0,0,0
BRDA:69,1,0,0
BRDA:69,1,1,0
BRDA:204,2,0,0
BRDA:204,2,1,0
BRDA:217,3,0,0
BRDA:217,3,1,0
BRDA:230,4,0,0
BRDA:230,4,1,0
BRDA:243,5,0,0
BRDA:243,5,1,0
BRDA:256,6,0,0
BRDA:256,6,1,0
BRDA:269,7,0,0
BRDA:269,7,1,0
BRDA:282,8,0,0
BRDA:282,8,1,0
BRDA:295,9,0,0
BRDA:295,9,1,0
BRDA:308,10,0,0
BRDA:308,10,1,0
BRDA:344,11,0,0
BRDA:344,11,1,0
BRDA:357,12,0,0
BRDA:357,12,1,0
BRDA:370,13,0,0
BRDA:370,13,1,0
BRDA:383,14,0,0
BRDA:383,14,1,0
BRDA:396,15,0,0
BRDA:396,15,1,0
BRDA:409,16,0,0
BRDA:409,16,1,0
BRDA:422,17,0,0
BRDA:422,17,1,0
BRDA:435,18,0,0
BRDA:435,18,1,0
BRDA:448,19,0,0
BRDA:448,19,1,0
BRDA:556,20,0,0
BRDA:556,20,1,0
BRDA:571,21,0,0
BRDA:571,21,1,0
BRDA:618,22,0,0
BRDA:618,22,1,0
BRDA:618,22,2,0
BRDA:618,22,3,0
BRF:47
BRH:0
end_of_record
TN:
SF:E:\Dev\React\image processing\client\src\components\Stepper.js
FN:9,(anonymous_0)
FN:33,(anonymous_1)
FN:37,(anonymous_2)
FN:50,(anonymous_3)
FN:57,(anonymous_4)
FNF:5
FNH:5
FNDA:2,(anonymous_0)
FNDA:2,(anonymous_1)
FNDA:6,(anonymous_2)
FNDA:2,(anonymous_3)
FNDA:6,(anonymous_4)
DA:9,2
DA:34,2
DA:38,6
DA:40,2
DA:42,2
DA:44,2
DA:46,0
DA:51,2
DA:52,2
DA:54,2
DA:58,6
DA:71,2
LF:12
LH:11
BRDA:38,0,0,2
BRDA:38,0,1,2
BRDA:38,0,2,2
BRDA:38,0,3,0
BRF:4
BRH:3
end_of_record
TN:
SF:E:\Dev\React\image processing\client\src\components\Tabs.js
FN:9,TabContainer
FN:21,(anonymous_1)
FN:32,(anonymous_2)
FN:36,(anonymous_3)
FNF:4
FNH:0
FNDA:0,TabContainer
FNDA:0,(anonymous_1)
FNDA:0,(anonymous_2)
FNDA:0,(anonymous_3)
DA:10,0
DA:17,1
DA:21,1
DA:33,0
DA:37,0
DA:38,0
DA:40,0
DA:55,1
LF:8
LH:3
BRDA:48,0,0,0
BRDA:48,0,1,0
BRDA:49,1,0,0
BRDA:49,1,1,0
BRF:4
BRH:0
end_of_record
